#
# A fatal error has been detected by the Java Runtime Environment:
#
#  EXCEPTION_ACCESS_VIOLATION (0xc0000005) at pc=0x64da4c60, pid=13768, tid=0x000017ec
#
# JRE version: Java(TM) SE Runtime Environment (8.0_111-b14) (build 1.8.0_111-b14)
# Java VM: Java HotSpot(TM) Client VM (25.111-b14 mixed mode windows-x86 )
# Problematic frame:
# C  0x64da4c60
#
# Failed to write core dump. Minidumps are not enabled by default on client versions of Windows
#
# If you would like to submit a bug report, please visit:
#   http://bugreport.java.com/bugreport/crash.jsp
# The crash happened outside the Java Virtual Machine in native code.
# See problematic frame for where to report the bug.
#

---------------  T H R E A D  ---------------

Current thread (0x1567c800):  JavaThread "Finalizer" daemon [_thread_in_native, id=6124, stack(0x158f0000,0x15940000)]

siginfo: ExceptionCode=0xc0000005, ExceptionInformation=0x00000008 0x64da4c60

Registers:
EAX=0x64da4c60, EBX=0x1b345a98, ECX=0x1567c940, EDX=0x1b347e18
ESP=0x1593f86c, EBP=0x1593f8a4, ESI=0x1b345a98, EDI=0x1567c800
EIP=0x64da4c60, EFLAGS=0x00010283

Top of Stack: (sp=0x1593f86c)
0x1593f86c:   030939b1 1567c940 1593f8ac 76150000
0x1593f87c:   00000000 0000000c 1593f884 00000000
0x1593f88c:   1593f8b8 1b347e18 00000000 1b345a98
0x1593f89c:   00000000 1593f8b4 1593f8e4 030848d4
0x1593f8ac:   0cfbcce8 0308dc89 76150000 00000000
0x1593f8bc:   00000005 0d005240 1593f8bc 1b374d55
0x1593f8cc:   1593f900 1b375f18 00000000 1b374dc8
0x1593f8dc:   1593f8b4 1593f900 1593f92c 030848d4 

Instructions: (pc=0x64da4c60)
0x64da4c40:   
[error occurred during error reporting (printing registers, top of stack, instructions near pc), id 0xc0000005]

Register to memory mapping:

EAX=0x64da4c60 is an unknown value
EBX={method} {0x1b345a9c} 'close' '(J)V' in 'com/sun/jna/Native'
ECX=0x1567c940 is an unknown value
EDX=0x1b347e18 is pointing into metadata
ESP=0x1593f86c is pointing into the stack for thread: 0x1567c800
EBP=0x1593f8a4 is pointing into the stack for thread: 0x1567c800
ESI={method} {0x1b345a9c} 'close' '(J)V' in 'com/sun/jna/Native'
EDI=0x1567c800 is a thread


Stack: [0x158f0000,0x15940000],  sp=0x1593f86c,  free space=318k
Native frames: (J=compiled Java code, j=interpreted, Vv=VM code, C=native code)
C  0x64da4c60
j  com.sun.jna.NativeLibrary.dispose()V+85
j  com.sun.jna.NativeLibrary.disposeAll()V+71
j  com.sun.jna.Native.dispose()V+6
j  com.sun.jna.Native.access$000()V+0
j  com.sun.jna.Native$2.finalize()V+0
j  java.lang.System$2.invokeFinalize(Ljava/lang/Object;)V+1
j  java.lang.ref.Finalizer.runFinalizer(Lsun/misc/JavaLangAccess;)V+46
j  java.lang.ref.Finalizer.access$100(Ljava/lang/ref/Finalizer;Lsun/misc/JavaLangAccess;)V+2
j  java.lang.ref.Finalizer$FinalizerThread.run()V+45
v  ~StubRoutines::call_stub
V  [jvm.dll+0x15a895]
V  [jvm.dll+0x220bfe]
V  [jvm.dll+0x15a92e]
V  [jvm.dll+0x15aab6]
V  [jvm.dll+0x15ab27]
V  [jvm.dll+0xfef8f]
V  [jvm.dll+0x17d6f0]
V  [jvm.dll+0x17df6a]
V  [jvm.dll+0x1c29c6]
C  [msvcr100.dll+0x5c556]
C  [msvcr100.dll+0x5c600]
C  [KERNEL32.DLL+0x162c4]
C  [ntdll.dll+0x60f79]
C  [ntdll.dll+0x60f44]
C  0x00000000

Java frames: (J=compiled Java code, j=interpreted, Vv=VM code)
j  com.sun.jna.Native.close(J)V+0
j  com.sun.jna.NativeLibrary.dispose()V+85
j  com.sun.jna.NativeLibrary.disposeAll()V+71
j  com.sun.jna.Native.dispose()V+6
j  com.sun.jna.Native.access$000()V+0
j  com.sun.jna.Native$2.finalize()V+0
j  java.lang.System$2.invokeFinalize(Ljava/lang/Object;)V+1
j  java.lang.ref.Finalizer.runFinalizer(Lsun/misc/JavaLangAccess;)V+46
j  java.lang.ref.Finalizer.access$100(Ljava/lang/ref/Finalizer;Lsun/misc/JavaLangAccess;)V+2
j  java.lang.ref.Finalizer$FinalizerThread.run()V+45
v  ~StubRoutines::call_stub

---------------  P R O C E S S  ---------------

Java Threads: ( => current thread )
  0x17d03c00 JavaThread "Thread-9" daemon [_thread_blocked, id=12488, stack(0x174f0000,0x17540000)]
  0x17d00000 JavaThread "main" [_thread_blocked, id=196, stack(0x16ec0000,0x16f10000)]
  0x16594800 JavaThread "SimulationThread" [_thread_blocked, id=604, stack(0x172b0000,0x17300000)]
  0x16594400 JavaThread "Thread-7" daemon [_thread_in_native, id=15544, stack(0x16f50000,0x16fa0000)]
  0x16593800 JavaThread "JavaFX Application Thread" [_thread_in_native, id=15968, stack(0x185d0000,0x18620000)]
  0x16591800 JavaThread "Thread-6" daemon [_thread_blocked, id=7032, stack(0x18540000,0x18590000)]
  0x16592c00 JavaThread "QuantumRenderer-0" daemon [_thread_blocked, id=5852, stack(0x16e30000,0x16e80000)]
  0x16591000 JavaThread "AWT-EventQueue-0" [_thread_in_native, id=7824, stack(0x182b0000,0x18300000)]
  0x16591c00 JavaThread "RMI TCP Connection(1)-127.0.0.1" daemon [_thread_in_native, id=8220, stack(0x17920000,0x17970000)]
  0x16593000 JavaThread "RMI Reaper" [_thread_blocked, id=9756, stack(0x17890000,0x178e0000)]
  0x16592400 JavaThread "RMI TCP Accept-0" daemon [_thread_in_native, id=5956, stack(0x17800000,0x17850000)]
  0x16562400 JavaThread "GC Daemon" daemon [_thread_blocked, id=2160, stack(0x16da0000,0x16df0000)]
  0x1655fc00 JavaThread "RMI RenewClean-[127.0.0.1:3239]" daemon [_thread_blocked, id=2816, stack(0x16d10000,0x16d60000)]
  0x1655f800 JavaThread "RMI Scheduler(0)" daemon [_thread_blocked, id=1996, stack(0x16c80000,0x16cd0000)]
  0x02f80800 JavaThread "DestroyJavaVM" [_thread_blocked, id=5624, stack(0x02e20000,0x02e70000)]
  0x15830000 JavaThread "BlueJ worker thread" [_thread_blocked, id=7960, stack(0x16320000,0x16370000)]
  0x15828c00 JavaThread "AWT-Windows" daemon [_thread_in_native, id=14900, stack(0x16110000,0x16160000)]
  0x15828000 JavaThread "AWT-Shutdown" [_thread_blocked, id=12520, stack(0x16080000,0x160d0000)]
  0x15854800 JavaThread "Java2D Disposer" daemon [_thread_blocked, id=15628, stack(0x15ff0000,0x16040000)]
  0x156c4400 JavaThread "Service Thread" daemon [_thread_blocked, id=6544, stack(0x15de0000,0x15e30000)]
  0x156af800 JavaThread "C1 CompilerThread0" daemon [_thread_blocked, id=15908, stack(0x15d50000,0x15da0000)]
  0x156a9c00 JavaThread "JDWP Command Reader" daemon [_thread_in_native, id=14868, stack(0x15cc0000,0x15d10000)]
  0x156a4c00 JavaThread "JDWP Event Helper Thread" daemon [_thread_blocked, id=436, stack(0x15c30000,0x15c80000)]
  0x156a1800 JavaThread "JDWP Transport Listener: dt_shmem" daemon [_thread_blocked, id=6888, stack(0x15ba0000,0x15bf0000)]
  0x15692400 JavaThread "Attach Listener" daemon [_thread_blocked, id=7768, stack(0x15b00000,0x15b50000)]
  0x15681000 JavaThread "Signal Dispatcher" daemon [_thread_blocked, id=7508, stack(0x15a70000,0x15ac0000)]
=>0x1567c800 JavaThread "Finalizer" daemon [_thread_in_native, id=6124, stack(0x158f0000,0x15940000)]
  0x15666800 JavaThread "Reference Handler" daemon [_thread_blocked, id=2452, stack(0x15860000,0x158b0000)]

Other Threads:
  0x15661400 VMThread [stack: 0x05150000,0x051a0000] [id=11964]
  0x156e7c00 WatcherThread [stack: 0x15e70000,0x15ec0000] [id=8160]

VM state:not at safepoint (normal execution)

VM Mutex/Monitor currently owned by a thread: None

Heap:
 def new generation   total 32704K, used 27682K [0x05200000, 0x07570000, 0x0a750000)
  eden space 29120K,  95% used [0x05200000, 0x06d08bf0, 0x06e70000)
  from space 3584K,   0% used [0x06e70000, 0x06e70000, 0x071f0000)
  to   space 3584K,   0% used [0x071f0000, 0x071f0000, 0x07570000)
 tenured generation   total 72460K, used 43474K [0x0a750000, 0x0ee13000, 0x15200000)
   the space 72460K,  59% used [0x0a750000, 0x0d1c4ba0, 0x0d1c4c00, 0x0ee13000)
 Metaspace       used 12755K, capacity 13179K, committed 13184K, reserved 13696K

Card table byte_map: [0x05080000,0x05110000] byte_map_base: 0x05057000

Polling page: 0x02dc0000

CodeCache: size=32768Kb used=1654Kb max_used=1654Kb free=31113Kb
 bounds [0x03080000, 0x03220000, 0x05080000]
 total_blobs=954 nmethods=648 adapters=245
 compilation: enabled

Compilation events (10 events):
Event: 22.804 Thread 0x156af800  651             java.io.ObjectInputStream$HandleTable::finish (111 bytes)
Event: 22.805 Thread 0x156af800 nmethod 651 0x0321b708 code [0x0321b830, 0x0321ba3c]
Event: 22.808 Thread 0x156af800  652             java.util.jar.Attributes$Name::isValid (45 bytes)
Event: 22.809 Thread 0x156af800 nmethod 652 0x0321bc48 code [0x0321bd60, 0x0321bf7c]
Event: 22.871 Thread 0x156af800  653             java.io.ObjectInputStream$HandleTable::lookupException (29 bytes)
Event: 22.871 Thread 0x156af800 nmethod 653 0x0321c188 code [0x0321c290, 0x0321c390]
Event: 22.908 Thread 0x156af800  654   !         java.lang.ref.Reference::tryHandlePending (115 bytes)
Event: 22.909 Thread 0x156af800 nmethod 654 0x0321c4c8 code [0x0321c650, 0x0321cb44]
Event: 22.909 Thread 0x156af800  655             java.lang.ref.Reference::clear (6 bytes)
Event: 22.909 Thread 0x156af800 nmethod 655 0x031744c8 code [0x031745c0, 0x03174650]

GC Heap History (10 events):
Event: 2.153 GC heap before
{Heap before GC invocations=20 (full 8):
 def new generation   total 22784K, used 11210K [0x05200000, 0x06ab0000, 0x0a750000)
  eden space 20288K,  55% used [0x05200000, 0x05cf02e0, 0x065d0000)
  from space 2496K,   0% used [0x065d0000, 0x065d25a8, 0x06840000)
  to   space 2496K,   0% used [0x06840000, 0x06840000, 0x06ab0000)
 tenured generation   total 50464K, used 41077K [0x0a750000, 0x0d898000, 0x15200000)
   the space 50464K,  81% used [0x0a750000, 0x0cf6d7f8, 0x0cf6d800, 0x0d898000)
 Metaspace       used 11456K, capacity 11826K, committed 11904K, reserved 12672K
Event: 2.166 GC heap after
Heap after GC invocations=21 (full 9):
 def new generation   total 22784K, used 0K [0x05200000, 0x06ab0000, 0x0a750000)
  eden space 20288K,   0% used [0x05200000, 0x05200000, 0x065d0000)
  from space 2496K,   0% used [0x06840000, 0x06840000, 0x06ab0000)
  to   space 2496K,   0% used [0x065d0000, 0x065d0000, 0x06840000)
 tenured generation   total 50464K, used 30195K [0x0a750000, 0x0d898000, 0x15200000)
   the space 50464K,  59% used [0x0a750000, 0x0c4ccf70, 0x0c4cd000, 0x0d898000)
 Metaspace       used 11456K, capacity 11826K, committed 11904K, reserved 12672K
}
Event: 2.174 GC heap before
{Heap before GC invocations=21 (full 9):
 def new generation   total 22784K, used 11197K [0x05200000, 0x06ab0000, 0x0a750000)
  eden space 20288K,  55% used [0x05200000, 0x05cef5b0, 0x065d0000)
  from space 2496K,   0% used [0x06840000, 0x06840000, 0x06ab0000)
  to   space 2496K,   0% used [0x065d0000, 0x065d0000, 0x06840000)
 tenured generation   total 50464K, used 30195K [0x0a750000, 0x0d898000, 0x15200000)
   the space 50464K,  59% used [0x0a750000, 0x0c4ccf70, 0x0c4cd000, 0x0d898000)
 Metaspace       used 11456K, capacity 11826K, committed 11904K, reserved 12672K
Event: 2.176 GC heap after
Heap after GC invocations=22 (full 9):
 def new generation   total 22784K, used 2K [0x05200000, 0x06ab0000, 0x0a750000)
  eden space 20288K,   0% used [0x05200000, 0x05200000, 0x065d0000)
  from space 2496K,   0% used [0x065d0000, 0x065d0918, 0x06840000)
  to   space 2496K,   0% used [0x06840000, 0x06840000, 0x06ab0000)
 tenured generation   total 50464K, used 40995K [0x0a750000, 0x0d898000, 0x15200000)
   the space 50464K,  81% used [0x0a750000, 0x0cf58f80, 0x0cf59000, 0x0d898000)
 Metaspace       used 11456K, capacity 11826K, committed 11904K, reserved 12672K
}
Event: 2.425 GC heap before
{Heap before GC invocations=22 (full 9):
 def new generation   total 22784K, used 17486K [0x05200000, 0x06ab0000, 0x0a750000)
  eden space 20288K,  86% used [0x05200000, 0x063131a8, 0x065d0000)
  from space 2496K,   0% used [0x065d0000, 0x065d0918, 0x06840000)
  to   space 2496K,   0% used [0x06840000, 0x06840000, 0x06ab0000)
 tenured generation   total 50464K, used 40995K [0x0a750000, 0x0d898000, 0x15200000)
   the space 50464K,  81% used [0x0a750000, 0x0cf58f80, 0x0cf59000, 0x0d898000)
 Metaspace       used 11458K, capacity 11828K, committed 11904K, reserved 12672K
Event: 2.426 GC heap after
Heap after GC invocations=23 (full 9):
 def new generation   total 22784K, used 94K [0x05200000, 0x06ab0000, 0x0a750000)
  eden space 20288K,   0% used [0x05200000, 0x05200000, 0x065d0000)
  from space 2496K,   3% used [0x06840000, 0x06857910, 0x06ab0000)
  to   space 2496K,   0% used [0x065d0000, 0x065d0000, 0x06840000)
 tenured generation   total 50464K, used 43695K [0x0a750000, 0x0d898000, 0x15200000)
   the space 50464K,  86% used [0x0a750000, 0x0d1fbf90, 0x0d1fc000, 0x0d898000)
 Metaspace       used 11458K, capacity 11828K, committed 11904K, reserved 12672K
}
Event: 2.997 GC heap before
{Heap before GC invocations=23 (full 9):
 def new generation   total 22784K, used 17066K [0x05200000, 0x06ab0000, 0x0a750000)
  eden space 20288K,  83% used [0x05200000, 0x06292f48, 0x065d0000)
  from space 2496K,   3% used [0x06840000, 0x06857910, 0x06ab0000)
  to   space 2496K,   0% used [0x065d0000, 0x065d0000, 0x06840000)
 tenured generation   total 50464K, used 43695K [0x0a750000, 0x0d898000, 0x15200000)
   the space 50464K,  86% used [0x0a750000, 0x0d1fbf90, 0x0d1fc000, 0x0d898000)
 Metaspace       used 11763K, capacity 12144K, committed 12160K, reserved 12672K
Event: 2.999 GC heap after
Heap after GC invocations=24 (full 9):
 def new generation   total 22784K, used 311K [0x05200000, 0x06ab0000, 0x0a750000)
  eden space 20288K,   0% used [0x05200000, 0x05200000, 0x065d0000)
  from space 2496K,  12% used [0x065d0000, 0x0661dcc0, 0x06840000)
  to   space 2496K,   0% used [0x06840000, 0x06840000, 0x06ab0000)
 tenured generation   total 50464K, used 47295K [0x0a750000, 0x0d898000, 0x15200000)
   the space 50464K,  93% used [0x0a750000, 0x0d57ffa0, 0x0d580000, 0x0d898000)
 Metaspace       used 11763K, capacity 12144K, committed 12160K, reserved 12672K
}
Event: 22.891 GC heap before
{Heap before GC invocations=24 (full 9):
 def new generation   total 22784K, used 17540K [0x05200000, 0x06ab0000, 0x0a750000)
  eden space 20288K,  84% used [0x05200000, 0x062d3460, 0x065d0000)
  from space 2496K,  12% used [0x065d0000, 0x0661dcc0, 0x06840000)
  to   space 2496K,   0% used [0x06840000, 0x06840000, 0x06ab0000)
 tenured generation   total 50464K, used 47295K [0x0a750000, 0x0d898000, 0x15200000)
   the space 50464K,  93% used [0x0a750000, 0x0d57ffa0, 0x0d580000, 0x0d898000)
 Metaspace       used 12737K, capacity 13143K, committed 13184K, reserved 13696K
Event: 22.908 GC heap after
Heap after GC invocations=25 (full 10):
 def new generation   total 32704K, used 0K [0x05200000, 0x07570000, 0x0a750000)
  eden space 29120K,   0% used [0x05200000, 0x05200000, 0x06e70000)
  from space 3584K,   0% used [0x06e70000, 0x06e70000, 0x071f0000)
  to   space 3584K,   0% used [0x071f0000, 0x071f0000, 0x07570000)
 tenured generation   total 72460K, used 43474K [0x0a750000, 0x0ee13000, 0x15200000)
   the space 72460K,  59% used [0x0a750000, 0x0d1c4ba0, 0x0d1c4c00, 0x0ee13000)
 Metaspace       used 12737K, capacity 13143K, committed 13184K, reserved 13696K
}

Deoptimization events (0 events):
No events

Internal exceptions (10 events):
Event: 0.549 Thread 0x02f80800 Exception <a 'java/lang/NoSuchFieldError': method resolution failed> (0x053cfdc8) thrown at [C:\re\workspace\8-2-build-windows-i586-cygwin\jdk8u111\7883\hotspot\src\share\vm\prims\methodHandles.cpp, line 1146]
Event: 0.747 Thread 0x15858000 Exception <a 'java/lang/NoSuchMethodError': <clinit>> (0x0520c5e8) thrown at [C:\re\workspace\8-2-build-windows-i586-cygwin\jdk8u111\7883\hotspot\src\share\vm\prims\jni.cpp, line 1613]
Event: 0.749 Thread 0x15858000 Exception <a 'java/lang/NoSuchMethodError': <clinit>> (0x05221698) thrown at [C:\re\workspace\8-2-build-windows-i586-cygwin\jdk8u111\7883\hotspot\src\share\vm\prims\jni.cpp, line 1613]
Event: 0.753 Thread 0x1655fc00 Exception <a 'java/lang/InterruptedException'> (0x052280f8) thrown at [C:\re\workspace\8-2-build-windows-i586-cygwin\jdk8u111\7883\hotspot\src\share\vm\runtime\objectMonitor.cpp, line 1684]
Event: 0.812 Thread 0x1656a000 Exception <a 'java/io/FileNotFoundException'> (0x053a9d08) thrown at [C:\re\workspace\8-2-build-windows-i586-cygwin\jdk8u111\7883\hotspot\src\share\vm\prims\jni.cpp, line 709]
Event: 0.872 Thread 0x1656a000 Exception <a 'java/lang/ClassNotFoundException': sun/net/www/protocol/c/Handler> (0x05586620) thrown at [C:\re\workspace\8-2-build-windows-i586-cygwin\jdk8u111\7883\hotspot\src\share\vm\classfile\systemDictionary.cpp, line 210]
Event: 0.873 Thread 0x1656a000 Exception <a 'java/lang/ClassNotFoundException': sun/net/www/protocol/c/Handler> (0x0558cf40) thrown at [C:\re\workspace\8-2-build-windows-i586-cygwin\jdk8u111\7883\hotspot\src\share\vm\classfile\systemDictionary.cpp, line 210]
Event: 0.873 Thread 0x1656a000 Exception <a 'java/lang/ClassNotFoundException': sun/net/www/protocol/c/Handler> (0x05592bf0) thrown at [C:\re\workspace\8-2-build-windows-i586-cygwin\jdk8u111\7883\hotspot\src\share\vm\classfile\systemDictionary.cpp, line 210]
Event: 1.053 Thread 0x16591000 Exception <a 'java/lang/NullPointerException'> (0x05618df8) thrown at [C:\re\workspace\8-2-build-windows-i586-cygwin\jdk8u111\7883\hotspot\src\share\vm\interpreter\linkResolver.cpp, line 1178]
Event: 5.601 Thread 0x16591000 Exception <a 'java/lang/UnsatisfiedLinkError': The specified procedure could not be found.
> (0x060cec90) thrown at [C:\re\workspace\8-2-build-windows-i586-cygwin\jdk8u111\7883\hotspot\src\share\vm\prims\jni.cpp, line 735]

Events (10 events):
Event: 22.918 loading class InstructionsScreenText
Event: 22.918 loading class InstructionsScreenText done
Event: 22.918 Thread 0x16591c00 DEOPT PACKING pc=0x031ae6e8 sp=0x1796e1a0
Event: 22.918 Thread 0x16591c00 DEOPT UNPACKING pc=0x030bc5db sp=0x1796e0c0 mode 1
Event: 22.918 Thread 0x16591c00 DEOPT PACKING pc=0x031ae654 sp=0x1796e280
Event: 22.918 Thread 0x16591c00 DEOPT UNPACKING pc=0x030bc5db sp=0x1796e1ac mode 1
Event: 22.918 Executing VM operation: RevokeBias
Event: 22.918 Executing VM operation: RevokeBias done
Event: 22.918 Thread 0x16591c00 DEOPT PACKING pc=0x031ae654 sp=0x1796e3c0
Event: 22.918 Thread 0x16591c00 DEOPT UNPACKING pc=0x030bc5db sp=0x1796e2ec mode 1


Dynamic libraries:
0x00c30000 - 0x00c63000 	C:\Program Files (x86)\Greenfoot\jdk\jre\bin\java.exe
0x77620000 - 0x777a3000 	C:\windows\SYSTEM32\ntdll.dll
0x76150000 - 0x76230000 	C:\windows\System32\KERNEL32.DLL
0x76e20000 - 0x76fc1000 	C:\windows\System32\KERNELBASE.dll
0x65310000 - 0x653a2000 	C:\windows\system32\apphelp.dll
0x74100000 - 0x74177000 	C:\windows\System32\ADVAPI32.dll
0x74210000 - 0x742ce000 	C:\windows\System32\msvcrt.dll
0x76ba0000 - 0x76be1000 	C:\windows\System32\sechost.dll
0x76c00000 - 0x76cc1000 	C:\windows\System32\RPCRT4.dll
0x740e0000 - 0x740ff000 	C:\windows\System32\SspiCli.dll
0x740d0000 - 0x740da000 	C:\windows\System32\CRYPTBASE.dll
0x744f0000 - 0x7454a000 	C:\windows\System32\bcryptPrimitives.dll
0x76400000 - 0x7655f000 	C:\windows\System32\USER32.dll
0x763b0000 - 0x763c5000 	C:\windows\System32\win32u.dll
0x77430000 - 0x7745b000 	C:\windows\System32\GDI32.dll
0x77200000 - 0x7735a000 	C:\windows\System32\gdi32full.dll
0x6b410000 - 0x6b61a000 	C:\windows\WinSxS\x86_microsoft.windows.common-controls_6595b64144ccf1df_6.0.14393.953_none_89c2555adb023171\COMCTL32.dll
0x742d0000 - 0x744e1000 	C:\windows\System32\combase.dll
0x77030000 - 0x77110000 	C:\windows\System32\ucrtbase.dll
0x75fd0000 - 0x75ff5000 	C:\windows\System32\IMM32.DLL
0x69fa0000 - 0x6a05f000 	C:\Program Files (x86)\Greenfoot\jdk\jre\bin\msvcr100.dll
0x66740000 - 0x66b0d000 	C:\Program Files (x86)\Greenfoot\jdk\jre\bin\client\jvm.dll
0x763d0000 - 0x763d6000 	C:\windows\System32\PSAPI.DLL
0x72aa0000 - 0x72aa8000 	C:\windows\SYSTEM32\WSOCK32.dll
0x73f30000 - 0x73f38000 	C:\windows\SYSTEM32\VERSION.dll
0x740a0000 - 0x740c4000 	C:\windows\SYSTEM32\WINMM.dll
0x775b0000 - 0x77613000 	C:\windows\System32\WS2_32.dll
0x02d90000 - 0x02db3000 	C:\windows\SYSTEM32\WINMMBASE.dll
0x77360000 - 0x77396000 	C:\windows\System32\cfgmgr32.dll
0x71de0000 - 0x71dec000 	C:\Program Files (x86)\Greenfoot\jdk\jre\bin\verify.dll
0x69f70000 - 0x69f91000 	C:\Program Files (x86)\Greenfoot\jdk\jre\bin\java.dll
0x65210000 - 0x65239000 	C:\Program Files (x86)\Greenfoot\jdk\jre\bin\jdwp.dll
0x65200000 - 0x65207000 	C:\Program Files (x86)\Greenfoot\jdk\jre\bin\npt.dll
0x71dc0000 - 0x71dd3000 	C:\Program Files (x86)\Greenfoot\jdk\jre\bin\zip.dll
0x74ad0000 - 0x75ea8000 	C:\windows\System32\SHELL32.dll
0x74560000 - 0x74ace000 	C:\windows\System32\windows.storage.dll
0x76740000 - 0x76785000 	C:\windows\System32\powrprof.dll
0x76060000 - 0x760a6000 	C:\windows\System32\shlwapi.dll
0x76cd0000 - 0x76cdd000 	C:\windows\System32\kernel.appcore.dll
0x74180000 - 0x74208000 	C:\windows\System32\shcore.dll
0x77550000 - 0x7755f000 	C:\windows\System32\profapi.dll
0x65240000 - 0x65249000 	C:\Program Files (x86)\Greenfoot\jdk\jre\bin\dt_shmem.dll
0x653b0000 - 0x654f6000 	C:\Program Files (x86)\Greenfoot\jdk\jre\bin\awt.dll
0x760b0000 - 0x76144000 	C:\windows\System32\OLEAUT32.dll
0x75f50000 - 0x75fcb000 	C:\windows\System32\msvcp_win.dll
0x73080000 - 0x730f5000 	C:\windows\system32\uxtheme.dll
0x76ce0000 - 0x76e15000 	C:\windows\System32\MSCTF.dll
0x73750000 - 0x7376f000 	C:\windows\system32\dwmapi.dll
0x77110000 - 0x771fc000 	C:\windows\System32\ole32.dll
0x73d30000 - 0x73d43000 	C:\windows\SYSTEM32\CRYPTSP.dll
0x73d00000 - 0x73d2f000 	C:\windows\system32\rsaenh.dll
0x73cb0000 - 0x73ccb000 	C:\windows\SYSTEM32\bcrypt.dll
0x73f40000 - 0x73f5a000 	C:\windows\SYSTEM32\USERENV.dll
0x652f0000 - 0x65306000 	C:\Program Files (x86)\Greenfoot\jdk\jre\bin\net.dll
0x73c20000 - 0x73c6e000 	C:\windows\system32\mswsock.dll
0x73f70000 - 0x73f9f000 	C:\windows\SYSTEM32\IPHLPAPI.DLL
0x76bf0000 - 0x76bf7000 	C:\windows\System32\NSI.dll
0x739f0000 - 0x73a03000 	C:\windows\SYSTEM32\dhcpcsvc6.DLL
0x73a60000 - 0x73a74000 	C:\windows\SYSTEM32\dhcpcsvc.DLL
0x68210000 - 0x6821f000 	C:\Program Files (x86)\Greenfoot\jdk\jre\bin\nio.dll
0x69e80000 - 0x69f6e000 	C:\Program Files (x86)\Greenfoot\jdk\jre\bin\msvcr120.dll
0x69e00000 - 0x69e71000 	C:\Program Files (x86)\Greenfoot\jdk\jre\bin\msvcp120.dll
0x6ff00000 - 0x6ff1e000 	C:\Program Files (x86)\Greenfoot\jdk\jre\bin\prism_d3d.dll
0x665e0000 - 0x6673f000 	C:\windows\system32\d3d9.dll
0x69dc0000 - 0x69df3000 	C:\Program Files (x86)\Greenfoot\jdk\jre\bin\glass.dll
0x77460000 - 0x77545000 	C:\windows\System32\COMDLG32.dll
0x68220000 - 0x68358000 	C:\windows\System32\DriverStore\FileRepository\c0306963.inf_amd64_8e933f2f99bdd1e0\aticfx32.dll
0x665b0000 - 0x665d2000 	C:\windows\System32\DriverStore\FileRepository\c0306963.inf_amd64_8e933f2f99bdd1e0\atiu9pag.dll
0x65ec0000 - 0x665af000 	C:\windows\System32\DriverStore\FileRepository\c0306963.inf_amd64_8e933f2f99bdd1e0\atiumdag.dll
0x65500000 - 0x65eb1000 	C:\windows\System32\DriverStore\FileRepository\c0306963.inf_amd64_8e933f2f99bdd1e0\atiumdva.dll
0x652b0000 - 0x652e9000 	C:\Program Files (x86)\Greenfoot\jdk\jre\bin\fontmanager.dll
0x651e0000 - 0x651ea000 	C:\Program Files (x86)\Greenfoot\jdk\jre\bin\jsound.dll
0x651d0000 - 0x651d9000 	C:\Program Files (x86)\Greenfoot\jdk\jre\bin\jsoundds.dll
0x65140000 - 0x651c9000 	C:\windows\SYSTEM32\DSOUND.dll
0x650e0000 - 0x65138000 	C:\windows\SYSTEM32\MMDevAPI.DLL
0x73bb0000 - 0x73bd2000 	C:\windows\SYSTEM32\DEVOBJ.dll
0x64f90000 - 0x650df000 	C:\windows\SYSTEM32\PROPSYS.dll
0x64f50000 - 0x64f89000 	C:\windows\SYSTEM32\wdmaud.drv
0x64f40000 - 0x64f47000 	C:\windows\SYSTEM32\ksuser.dll
0x64f30000 - 0x64f39000 	C:\windows\SYSTEM32\AVRT.dll
0x64eb0000 - 0x64f2b000 	C:\windows\SYSTEM32\AUDIOSES.DLL
0x64de0000 - 0x64eaf000 	C:\windows\SYSTEM32\wintypes.dll
0x64dd0000 - 0x64dda000 	C:\windows\SYSTEM32\msacm32.drv
0x72a80000 - 0x72a98000 	C:\windows\SYSTEM32\MSACM32.dll
0x64dc0000 - 0x64dc8000 	C:\windows\SYSTEM32\midimap.dll
0x773a0000 - 0x77424000 	C:\windows\System32\clbcatq.dll
0x65270000 - 0x652a2000 	C:\Program Files (x86)\Greenfoot\jdk\jre\bin\t2k.dll
0x67b60000 - 0x67cce000 	C:\windows\SYSTEM32\WindowsCodecs.dll
0x68360000 - 0x683a4000 	C:\windows\system32\dataexchange.dll
0x67930000 - 0x67b60000 	C:\windows\system32\d3d11.dll
0x67810000 - 0x67923000 	C:\windows\system32\dcomp.dll
0x67780000 - 0x67803000 	C:\windows\system32\dxgi.dll
0x67680000 - 0x67771000 	C:\windows\system32\twinapi.appcore.dll
0x651f0000 - 0x651fa000 	C:\Program Files (x86)\Greenfoot\jdk\jre\bin\management.dll
0x73c00000 - 0x73c12000 	C:\windows\system32\napinsp.dll
0x73be0000 - 0x73bf6000 	C:\windows\system32\pnrpnsp.dll
0x73b90000 - 0x73ba4000 	C:\windows\system32\NLAapi.dll
0x73b10000 - 0x73b8d000 	C:\windows\SYSTEM32\DNSAPI.dll
0x73a50000 - 0x73a5c000 	C:\windows\System32\winrnr.dll
0x73a40000 - 0x73a48000 	C:\Program Files (x86)\National Instruments\Shared\mDNS Responder\nimdnsNSP.dll
0x73a30000 - 0x73a3d000 	C:\windows\SYSTEM32\nimdnsResponder.dll
0x73a10000 - 0x73a24000 	C:\windows\SYSTEM32\VCRUNTIME140.dll
0x73990000 - 0x73998000 	C:\Windows\System32\rasadhlp.dll
0x739a0000 - 0x739e9000 	C:\windows\System32\fwpuclnt.dll
0x64c10000 - 0x64d55000 	C:\windows\SYSTEM32\dbghelp.dll

VM Arguments:
jvm_args: -Dawt.useSystemAAFontSettings=on -XX:MaxGCPauseMillis=50 -agentlib:jdwp=transport=dt_shmem,address=javadebug -Dfile.encoding=UTF-8 
java_command: bluej.runtime.ExecServer UTF-8
java_class_path (initial): C:\Program Files (x86)\Greenfoot\lib\extensions\greenfoot.jar;C:\Program Files (x86)\Greenfoot\lib\bluejcore.jar;C:\Program Files (x86)\Greenfoot\lib\bluejeditor.jar;C:\Program Files (x86)\Greenfoot\lib\bluejext.jar;C:\Program Files (x86)\Greenfoot\lib\AppleJavaExtensions.jar;C:\Program Files (x86)\Greenfoot\lib\junit-4.11.jar;C:\Program Files (x86)\Greenfoot\lib\hamcrest-core-1.3.jar;C:\Program Files (x86)\Greenfoot\lib\bluej.jar;C:\Program Files (x86)\Greenfoot\lib\diffutils-1.2.1.jar;C:\Program Files (x86)\Greenfoot\lib\commons-httpclient-3.1.jar;C:\Program Files (x86)\Greenfoot\lib\commons-logging-api-1.1.2.jar;C:\Program Files (x86)\Greenfoot\lib\commons-codec-1.3.jar;C:\Program Files (x86)\Greenfoot\lib\jl1.0.1.jar;C:\Program Files (x86)\Greenfoot\lib\opencsv-2.3.jar;C:\Program Files (x86)\Greenfoot\lib\xom-1.2.9.jar;C:\Program Files (x86)\Greenfoot\lib\lang-stride.jar;C:\Program Files (x86)\Greenfoot\lib\guava-17.0.jar;C:\Program Files (x86)\Greenfoot\lib\javassist-3.18.0.jar;C:\Program Files (x86)\Greenfoot\lib\commons-vfs2-2.0.jar;C:\Program Files (x86)\Greenfoot\lib\httpclient-4.1.1.jar;C:\Program Files (x86)\Greenfoot\lib\httpcore-4.1.jar;C:\Program Files (x86)\Greenfoot\lib\httpmime-4.1.1.jar
Launcher Type: SUN_STANDARD

Environment Variables:
USERNAME=djs0035
OS=Windows_NT
PROCESSOR_IDENTIFIER=Intel64 Family 6 Model 94 Stepping 3, GenuineIntel



---------------  S Y S T E M  ---------------

OS: Windows 10.0 , 64 bit Build 14393 (10.0.14393.1198)

CPU:total 8 (4 cores per cpu, 2 threads per core) family 6 model 94 stepping 3, cmov, cx8, fxsr, mmx, sse, sse2, sse3, ssse3, sse4.1, sse4.2, popcnt, avx, avx2, aes, clmul, erms, rtm, 3dnowpref, lzcnt, ht, tsc, tscinvbit, bmi1, bmi2, adx

Memory: 4k page, physical 16627468k(12206232k free), swap 19117836k(14406912k free)

vm_info: Java HotSpot(TM) Client VM (25.111-b14) for windows-x86 JRE (1.8.0_111-b14), built on Sep 22 2016 18:54:33 by "java_re" with MS VC++ 10.0 (VS2010)

time: Thu Nov 02 12:48:40 2017
elapsed time: 22 seconds (0d 0h 0m 22s)

